{"name": "test_youtube", "status": "broken", "statusDetails": {"message": "selenium.common.exceptions.NoSuchElementException: Message: no such element: Unable to locate element: {\"method\":\"xpath\",\"selector\":\"//h3[@class=\"title-and-badge style-scope ytd-video-renderer\"]/a[@title=\"mahesh\"]\"}\n  (Session info: chrome=131.0.6778.109); For documentation on this error, please visit: https://www.selenium.dev/documentation/webdriver/troubleshooting/errors#no-such-element-exception\nStacktrace:\n\tGetHandleVerifier [0x00007FF77F6C6CC5+28821]\n\t(No symbol) [0x00007FF77F633850]\n\t(No symbol) [0x00007FF77F4D578A]\n\t(No symbol) [0x00007FF77F5291BE]\n\t(No symbol) [0x00007FF77F5294AC]\n\t(No symbol) [0x00007FF77F572647]\n\t(No symbol) [0x00007FF77F54F33F]\n\t(No symbol) [0x00007FF77F56F412]\n\t(No symbol) [0x00007FF77F54F0A3]\n\t(No symbol) [0x00007FF77F51A778]\n\t(No symbol) [0x00007FF77F51B8E1]\n\tGetHandleVerifier [0x00007FF77F9FFCCD+3408029]\n\tGetHandleVerifier [0x00007FF77FA1743F+3504143]\n\tGetHandleVerifier [0x00007FF77FA0B61D+3455469]\n\tGetHandleVerifier [0x00007FF77F78BDCB+835995]\n\t(No symbol) [0x00007FF77F63EB6F]\n\t(No symbol) [0x00007FF77F63A824]\n\t(No symbol) [0x00007FF77F63A9BD]\n\t(No symbol) [0x00007FF77F62A1A9]\n\tBaseThreadInitThunk [0x00007FF97E45259D+29]\n\tRtlUserThreadStart [0x00007FF97F30AF38+40]", "trace": "u = <selenium.webdriver.chrome.webdriver.WebDriver (session=\"8639463c936454e0e2ece9ed62b61c1b\")>\n\n    @pytest.mark.utube\n    def test_youtube(u):\n        d = utube(u)\n        d.tube('king of Kotha')\n>       condition = u.find_element('xpath',\n                                   '//h3[@class=\"title-and-badge style-scope ytd-video-renderer\"]/a[@title=\"mahesh\"]').is_displayed()\n\nTests\\Countrie_web.py:25: \n_ _ _ _ _ _ _ _ _ _ _ _ _ _ _ _ _ _ _ _ _ _ _ _ _ _ _ _ _ _ _ _ _ _ _ _ _ _ _ _ _ _ _ _ _ _ _ _ _ _ _ _ _ _ _ _ _ _ _ _ _ _ _ _ _ _ _ _ _ _ _ _ _ _ _ _ _ _ _ _\n.venv\\Lib\\site-packages\\selenium\\webdriver\\remote\\webdriver.py:766: in find_element\n    return self.execute(Command.FIND_ELEMENT, {\"using\": by, \"value\": value})[\"value\"]\n.venv\\Lib\\site-packages\\selenium\\webdriver\\remote\\webdriver.py:380: in execute\n    self.error_handler.check_response(response)\n_ _ _ _ _ _ _ _ _ _ _ _ _ _ _ _ _ _ _ _ _ _ _ _ _ _ _ _ _ _ _ _ _ _ _ _ _ _ _ _ _ _ _ _ _ _ _ _ _ _ _ _ _ _ _ _ _ _ _ _ _ _ _ _ _ _ _ _ _ _ _ _ _ _ _ _ _ _ _ _\n\nself = <selenium.webdriver.remote.errorhandler.ErrorHandler object at 0x00000221248EA450>\nresponse = {'status': 404, 'value': '{\"value\":{\"error\":\"no such element\",\"message\":\"no such element: Unable to locate element: {\\...07FF77F62A1A9]\\\\n\\\\tBaseThreadInitThunk [0x00007FF97E45259D+29]\\\\n\\\\tRtlUserThreadStart [0x00007FF97F30AF38+40]\\\\n\"}}'}\n\n    def check_response(self, response: Dict[str, Any]) -> None:\n        \"\"\"Checks that a JSON response from the WebDriver does not have an\n        error.\n    \n        :Args:\n         - response - The JSON response from the WebDriver server as a dictionary\n           object.\n    \n        :Raises: If the response contains an error message.\n        \"\"\"\n        status = response.get(\"status\", None)\n        if not status or status == ErrorCode.SUCCESS:\n            return\n        value = None\n        message = response.get(\"message\", \"\")\n        screen: str = response.get(\"screen\", \"\")\n        stacktrace = None\n        if isinstance(status, int):\n            value_json = response.get(\"value\", None)\n            if value_json and isinstance(value_json, str):\n                import json\n    \n                try:\n                    value = json.loads(value_json)\n                    if len(value) == 1:\n                        value = value[\"value\"]\n                    status = value.get(\"error\", None)\n                    if not status:\n                        status = value.get(\"status\", ErrorCode.UNKNOWN_ERROR)\n                        message = value.get(\"value\") or value.get(\"message\")\n                        if not isinstance(message, str):\n                            value = message\n                            message = message.get(\"message\")\n                    else:\n                        message = value.get(\"message\", None)\n                except ValueError:\n                    pass\n    \n        exception_class: Type[WebDriverException]\n        e = ErrorCode()\n        error_codes = [item for item in dir(e) if not item.startswith(\"__\")]\n        for error_code in error_codes:\n            error_info = getattr(ErrorCode, error_code)\n            if isinstance(error_info, list) and status in error_info:\n                exception_class = getattr(ExceptionMapping, error_code, WebDriverException)\n                break\n        else:\n            exception_class = WebDriverException\n    \n        if not value:\n            value = response[\"value\"]\n        if isinstance(value, str):\n            raise exception_class(value)\n        if message == \"\" and \"message\" in value:\n            message = value[\"message\"]\n    \n        screen = None  # type: ignore[assignment]\n        if \"screen\" in value:\n            screen = value[\"screen\"]\n    \n        stacktrace = None\n        st_value = value.get(\"stackTrace\") or value.get(\"stacktrace\")\n        if st_value:\n            if isinstance(st_value, str):\n                stacktrace = st_value.split(\"\\n\")\n            else:\n                stacktrace = []\n                try:\n                    for frame in st_value:\n                        line = frame.get(\"lineNumber\", \"\")\n                        file = frame.get(\"fileName\", \"<anonymous>\")\n                        if line:\n                            file = f\"{file}:{line}\"\n                        meth = frame.get(\"methodName\", \"<anonymous>\")\n                        if \"className\" in frame:\n                            meth = f\"{frame['className']}.{meth}\"\n                        msg = \"    at %s (%s)\"\n                        msg = msg % (meth, file)\n                        stacktrace.append(msg)\n                except TypeError:\n                    pass\n        if exception_class == UnexpectedAlertPresentException:\n            alert_text = None\n            if \"data\" in value:\n                alert_text = value[\"data\"].get(\"text\")\n            elif \"alert\" in value:\n                alert_text = value[\"alert\"].get(\"text\")\n            raise exception_class(message, screen, stacktrace, alert_text)  # type: ignore[call-arg]  # mypy is not smart enough here\n>       raise exception_class(message, screen, stacktrace)\nE       selenium.common.exceptions.NoSuchElementException: Message: no such element: Unable to locate element: {\"method\":\"xpath\",\"selector\":\"//h3[@class=\"title-and-badge style-scope ytd-video-renderer\"]/a[@title=\"mahesh\"]\"}\nE         (Session info: chrome=131.0.6778.109); For documentation on this error, please visit: https://www.selenium.dev/documentation/webdriver/troubleshooting/errors#no-such-element-exception\nE       Stacktrace:\nE       \tGetHandleVerifier [0x00007FF77F6C6CC5+28821]\nE       \t(No symbol) [0x00007FF77F633850]\nE       \t(No symbol) [0x00007FF77F4D578A]\nE       \t(No symbol) [0x00007FF77F5291BE]\nE       \t(No symbol) [0x00007FF77F5294AC]\nE       \t(No symbol) [0x00007FF77F572647]\nE       \t(No symbol) [0x00007FF77F54F33F]\nE       \t(No symbol) [0x00007FF77F56F412]\nE       \t(No symbol) [0x00007FF77F54F0A3]\nE       \t(No symbol) [0x00007FF77F51A778]\nE       \t(No symbol) [0x00007FF77F51B8E1]\nE       \tGetHandleVerifier [0x00007FF77F9FFCCD+3408029]\nE       \tGetHandleVerifier [0x00007FF77FA1743F+3504143]\nE       \tGetHandleVerifier [0x00007FF77FA0B61D+3455469]\nE       \tGetHandleVerifier [0x00007FF77F78BDCB+835995]\nE       \t(No symbol) [0x00007FF77F63EB6F]\nE       \t(No symbol) [0x00007FF77F63A824]\nE       \t(No symbol) [0x00007FF77F63A9BD]\nE       \t(No symbol) [0x00007FF77F62A1A9]\nE       \tBaseThreadInitThunk [0x00007FF97E45259D+29]\nE       \tRtlUserThreadStart [0x00007FF97F30AF38+40]\n\n.venv\\Lib\\site-packages\\selenium\\webdriver\\remote\\errorhandler.py:229: NoSuchElementException"}, "start": 1734265066606, "stop": 1734265080392, "uuid": "c1091882-a008-41a1-830c-a45999d760c1", "historyId": "6d13573b832cfba6953982c7efe26d3b", "testCaseId": "6d13573b832cfba6953982c7efe26d3b", "fullName": "Tests.Countrie_web#test_youtube", "labels": [{"name": "tag", "value": "utube"}, {"name": "parentSuite", "value": "Tests"}, {"name": "suite", "value": "Countrie_web"}, {"name": "host", "value": "DESKTOP-9F3SG6R"}, {"name": "thread", "value": "30352-MainThread"}, {"name": "framework", "value": "pytest"}, {"name": "language", "value": "cpython3"}, {"name": "package", "value": "Tests.Countrie_web"}]}